Mai 19, 2014 7:46:41 PM org.apache.catalina.core.AprLifecycleListener init
INFO: The APR based Apache Tomcat Native library which allows optimal performance in production environments was not found on the java.library.path: C:\Program Files (x86)\Java\jdk1.7.0_21\bin;C:\Windows\Sun\Java\bin;C:\Windows\system32;C:\Windows;C:\Program Files (x86)\Intel\iCLS Client\;C:\Program Files\Intel\iCLS Client\;C:\Windows\system32;C:\Windows;C:\Windows\System32\Wbem;C:\Windows\System32\WindowsPowerShell\v1.0\;C:\Program Files\Intel\Intel(R) Management Engine Components\DAL;C:\Program Files\Intel\Intel(R) Management Engine Components\IPT;C:\Program Files (x86)\Intel\Intel(R) Management Engine Components\DAL;C:\Program Files (x86)\Intel\Intel(R) Management Engine Components\IPT;C:\Program Files (x86)\Windows Live\Shared;C:\Program Files\VDownloader;.
Mai 19, 2014 7:46:42 PM org.apache.coyote.AbstractProtocol init
INFO: Initializing ProtocolHandler ["http-bio-8080"]
Mai 19, 2014 7:46:42 PM org.apache.coyote.AbstractProtocol init
INFO: Initializing ProtocolHandler ["ajp-bio-8009"]
Mai 19, 2014 7:46:42 PM org.apache.catalina.startup.Catalina load
INFO: Initialization processed in 2225 ms
Mai 19, 2014 7:46:42 PM org.apache.catalina.core.StandardService startInternal
INFO: Starting service Catalina
Mai 19, 2014 7:46:42 PM org.apache.catalina.core.StandardEngine startInternal
INFO: Starting Servlet Engine: Apache Tomcat/7.0.53
Mai 19, 2014 7:46:42 PM org.apache.catalina.startup.HostConfig deployDirectory
INFO: Deploying web application directory C:\Users\Miguel Zinelli\Documents\ES\5 SEMESTRE\RP V\apache-tomcat-7.0.53\webapps\docs
Mai 19, 2014 7:46:43 PM org.apache.catalina.startup.HostConfig deployDirectory
INFO: Deploying web application directory C:\Users\Miguel Zinelli\Documents\ES\5 SEMESTRE\RP V\apache-tomcat-7.0.53\webapps\examples
Mai 19, 2014 7:46:45 PM org.apache.catalina.startup.HostConfig deployDirectory
INFO: Deploying web application directory C:\Users\Miguel Zinelli\Documents\ES\5 SEMESTRE\RP V\apache-tomcat-7.0.53\webapps\host-manager
Mai 19, 2014 7:46:45 PM org.apache.catalina.startup.HostConfig deployDirectory
INFO: Deploying web application directory C:\Users\Miguel Zinelli\Documents\ES\5 SEMESTRE\RP V\apache-tomcat-7.0.53\webapps\manager
Mai 19, 2014 7:46:45 PM org.apache.catalina.startup.HostConfig deployDirectory
INFO: Deploying web application directory C:\Users\Miguel Zinelli\Documents\ES\5 SEMESTRE\RP V\apache-tomcat-7.0.53\webapps\ROOT
Mai 19, 2014 7:46:46 PM org.apache.coyote.AbstractProtocol start
INFO: Starting ProtocolHandler ["http-bio-8080"]
Mai 19, 2014 7:46:46 PM org.apache.coyote.AbstractProtocol start
INFO: Starting ProtocolHandler ["ajp-bio-8009"]
Mai 19, 2014 7:46:46 PM org.apache.catalina.startup.Catalina start
INFO: Server startup in 3876 ms
Mai 19, 2014 7:47:43 PM org.apache.catalina.core.StandardServer await
INFO: A valid shutdown command was received via the shutdown port. Stopping the Server instance.
Mai 19, 2014 7:47:43 PM org.apache.coyote.AbstractProtocol pause
INFO: Pausing ProtocolHandler ["http-bio-8080"]
Mai 19, 2014 7:47:43 PM org.apache.coyote.AbstractProtocol pause
INFO: Pausing ProtocolHandler ["ajp-bio-8009"]
Mai 19, 2014 7:47:43 PM org.apache.catalina.core.StandardService stopInternal
INFO: Stopping service Catalina
Mai 19, 2014 7:47:44 PM org.apache.coyote.AbstractProtocol stop
INFO: Stopping ProtocolHandler ["http-bio-8080"]
Mai 19, 2014 7:47:44 PM org.apache.coyote.AbstractProtocol stop
INFO: Stopping ProtocolHandler ["ajp-bio-8009"]
Mai 19, 2014 7:47:44 PM org.apache.coyote.AbstractProtocol destroy
INFO: Destroying ProtocolHandler ["http-bio-8080"]
Mai 19, 2014 7:47:44 PM org.apache.coyote.AbstractProtocol destroy
INFO: Destroying ProtocolHandler ["ajp-bio-8009"]
Mai 19, 2014 7:47:49 PM org.apache.catalina.core.AprLifecycleListener init
INFO: The APR based Apache Tomcat Native library which allows optimal performance in production environments was not found on the java.library.path: C:\Program Files (x86)\Java\jdk1.7.0_21\bin;C:\Windows\Sun\Java\bin;C:\Windows\system32;C:\Windows;C:\Program Files (x86)\Intel\iCLS Client\;C:\Program Files\Intel\iCLS Client\;C:\Windows\system32;C:\Windows;C:\Windows\System32\Wbem;C:\Windows\System32\WindowsPowerShell\v1.0\;C:\Program Files\Intel\Intel(R) Management Engine Components\DAL;C:\Program Files\Intel\Intel(R) Management Engine Components\IPT;C:\Program Files (x86)\Intel\Intel(R) Management Engine Components\DAL;C:\Program Files (x86)\Intel\Intel(R) Management Engine Components\IPT;C:\Program Files (x86)\Windows Live\Shared;C:\Program Files\VDownloader;.
Mai 19, 2014 7:47:49 PM org.apache.coyote.AbstractProtocol init
INFO: Initializing ProtocolHandler ["http-bio-8080"]
Mai 19, 2014 7:47:49 PM org.apache.coyote.AbstractProtocol init
INFO: Initializing ProtocolHandler ["ajp-bio-8009"]
Mai 19, 2014 7:47:49 PM org.apache.catalina.startup.Catalina load
INFO: Initialization processed in 1373 ms
Mai 19, 2014 7:47:50 PM org.apache.catalina.core.StandardService startInternal
INFO: Starting service Catalina
Mai 19, 2014 7:47:50 PM org.apache.catalina.core.StandardEngine startInternal
INFO: Starting Servlet Engine: Apache Tomcat/7.0.53
Mai 19, 2014 7:47:50 PM org.apache.catalina.startup.HostConfig deployDirectory
INFO: Deploying web application directory C:\Users\Miguel Zinelli\Documents\ES\5 SEMESTRE\RP V\apache-tomcat-7.0.53\webapps\docs
Mai 19, 2014 7:47:50 PM org.apache.catalina.startup.HostConfig deployDirectory
INFO: Deploying web application directory C:\Users\Miguel Zinelli\Documents\ES\5 SEMESTRE\RP V\apache-tomcat-7.0.53\webapps\examples
Mai 19, 2014 7:47:52 PM org.apache.catalina.startup.HostConfig deployDirectory
INFO: Deploying web application directory C:\Users\Miguel Zinelli\Documents\ES\5 SEMESTRE\RP V\apache-tomcat-7.0.53\webapps\host-manager
Mai 19, 2014 7:47:52 PM org.apache.catalina.startup.HostConfig deployDirectory
INFO: Deploying web application directory C:\Users\Miguel Zinelli\Documents\ES\5 SEMESTRE\RP V\apache-tomcat-7.0.53\webapps\manager
Mai 19, 2014 7:47:52 PM org.apache.catalina.startup.HostConfig deployDirectory
INFO: Deploying web application directory C:\Users\Miguel Zinelli\Documents\ES\5 SEMESTRE\RP V\apache-tomcat-7.0.53\webapps\ROOT
Mai 19, 2014 7:47:52 PM org.apache.coyote.AbstractProtocol start
INFO: Starting ProtocolHandler ["http-bio-8080"]
Mai 19, 2014 7:47:52 PM org.apache.coyote.AbstractProtocol start
INFO: Starting ProtocolHandler ["ajp-bio-8009"]
Mai 19, 2014 7:47:52 PM org.apache.catalina.startup.Catalina start
INFO: Server startup in 2697 ms
Mai 19, 2014 7:49:27 PM org.apache.catalina.core.StandardServer await
INFO: A valid shutdown command was received via the shutdown port. Stopping the Server instance.
Mai 19, 2014 7:49:27 PM org.apache.coyote.AbstractProtocol pause
INFO: Pausing ProtocolHandler ["http-bio-8080"]
Mai 19, 2014 7:49:27 PM org.apache.coyote.AbstractProtocol pause
INFO: Pausing ProtocolHandler ["ajp-bio-8009"]
Mai 19, 2014 7:49:27 PM org.apache.catalina.core.StandardService stopInternal
INFO: Stopping service Catalina
Mai 19, 2014 7:49:27 PM org.apache.coyote.AbstractProtocol stop
INFO: Stopping ProtocolHandler ["http-bio-8080"]
Mai 19, 2014 7:49:27 PM org.apache.coyote.AbstractProtocol stop
INFO: Stopping ProtocolHandler ["ajp-bio-8009"]
Mai 19, 2014 7:49:27 PM org.apache.coyote.AbstractProtocol destroy
INFO: Destroying ProtocolHandler ["http-bio-8080"]
Mai 19, 2014 7:49:27 PM org.apache.coyote.AbstractProtocol destroy
INFO: Destroying ProtocolHandler ["ajp-bio-8009"]
Mai 19, 2014 7:51:45 PM org.apache.catalina.core.AprLifecycleListener init
INFO: The APR based Apache Tomcat Native library which allows optimal performance in production environments was not found on the java.library.path: C:\Program Files (x86)\Java\jdk1.7.0_21\bin;C:\Windows\Sun\Java\bin;C:\Windows\system32;C:\Windows;C:\Program Files (x86)\Intel\iCLS Client\;C:\Program Files\Intel\iCLS Client\;C:\Windows\system32;C:\Windows;C:\Windows\System32\Wbem;C:\Windows\System32\WindowsPowerShell\v1.0\;C:\Program Files\Intel\Intel(R) Management Engine Components\DAL;C:\Program Files\Intel\Intel(R) Management Engine Components\IPT;C:\Program Files (x86)\Intel\Intel(R) Management Engine Components\DAL;C:\Program Files (x86)\Intel\Intel(R) Management Engine Components\IPT;C:\Program Files (x86)\Windows Live\Shared;C:\Program Files\VDownloader;.
Mai 19, 2014 7:51:46 PM org.apache.coyote.AbstractProtocol init
INFO: Initializing ProtocolHandler ["http-bio-8080"]
Mai 19, 2014 7:51:46 PM org.apache.coyote.AbstractProtocol init
INFO: Initializing ProtocolHandler ["ajp-bio-8009"]
Mai 19, 2014 7:51:46 PM org.apache.catalina.startup.Catalina load
INFO: Initialization processed in 1423 ms
Mai 19, 2014 7:51:46 PM org.apache.catalina.core.StandardService startInternal
INFO: Starting service Catalina
Mai 19, 2014 7:51:46 PM org.apache.catalina.core.StandardEngine startInternal
INFO: Starting Servlet Engine: Apache Tomcat/7.0.53
Mai 19, 2014 7:51:46 PM org.apache.catalina.startup.HostConfig deployDirectory
INFO: Deploying web application directory C:\Users\Miguel Zinelli\Documents\ES\5 SEMESTRE\RP V\apache-tomcat-7.0.53\webapps\docs
Mai 19, 2014 7:51:47 PM org.apache.catalina.startup.HostConfig deployDirectory
INFO: Deploying web application directory C:\Users\Miguel Zinelli\Documents\ES\5 SEMESTRE\RP V\apache-tomcat-7.0.53\webapps\examples
Mai 19, 2014 7:51:49 PM org.apache.catalina.startup.HostConfig deployDirectory
INFO: Deploying web application directory C:\Users\Miguel Zinelli\Documents\ES\5 SEMESTRE\RP V\apache-tomcat-7.0.53\webapps\host-manager
Mai 19, 2014 7:51:50 PM org.apache.catalina.startup.HostConfig deployDirectory
INFO: Deploying web application directory C:\Users\Miguel Zinelli\Documents\ES\5 SEMESTRE\RP V\apache-tomcat-7.0.53\webapps\manager
Mai 19, 2014 7:51:50 PM org.apache.catalina.startup.HostConfig deployDirectory
INFO: Deploying web application directory C:\Users\Miguel Zinelli\Documents\ES\5 SEMESTRE\RP V\apache-tomcat-7.0.53\webapps\ROOT
Mai 19, 2014 7:51:50 PM org.apache.coyote.AbstractProtocol start
INFO: Starting ProtocolHandler ["http-bio-8080"]
Mai 19, 2014 7:51:50 PM org.apache.coyote.AbstractProtocol start
INFO: Starting ProtocolHandler ["ajp-bio-8009"]
Mai 19, 2014 7:51:50 PM org.apache.catalina.startup.Catalina start
INFO: Server startup in 4277 ms
Mai 19, 2014 9:03:14 PM org.apache.catalina.core.StandardServer await
INFO: A valid shutdown command was received via the shutdown port. Stopping the Server instance.
Mai 19, 2014 9:03:14 PM org.apache.coyote.AbstractProtocol pause
INFO: Pausing ProtocolHandler ["http-bio-8080"]
Mai 19, 2014 9:03:14 PM org.apache.coyote.AbstractProtocol pause
INFO: Pausing ProtocolHandler ["ajp-bio-8009"]
Mai 19, 2014 9:03:14 PM org.apache.catalina.core.StandardService stopInternal
INFO: Stopping service Catalina
Mai 19, 2014 9:03:15 PM org.apache.coyote.AbstractProtocol stop
INFO: Stopping ProtocolHandler ["http-bio-8080"]
Mai 19, 2014 9:03:15 PM org.apache.coyote.AbstractProtocol stop
INFO: Stopping ProtocolHandler ["ajp-bio-8009"]
Mai 19, 2014 9:03:15 PM org.apache.coyote.AbstractProtocol destroy
INFO: Destroying ProtocolHandler ["http-bio-8080"]
Mai 19, 2014 9:03:15 PM org.apache.coyote.AbstractProtocol destroy
INFO: Destroying ProtocolHandler ["ajp-bio-8009"]
